Vivado Simulator 2020.1
Time resolution is 1 ps
[2010000] 7SEG = "A       "  (d7..d0)
[4030000] 7SEG = "D       "  (d7..d0)
[6050000] 7SEG = "G       "  (d7..d0)
[8070000] 7SEG = "H      H"  (d7..d0)
[10090000] 7SEG = "B      H"  (d7..d0)
[12110000] 7SEG = "E      H"  (d7..d0)
[14130000] 7SEG = "E     HE"  (d7..d0)
[16150000] 7SEG = "D     HE"  (d7..d0)
[18170000] 7SEG = "G     HE"  (d7..d0)
[20190000] 7SEG = "J     HE"  (d7..d0)
[22210000] 7SEG = "L     HE"  (d7..d0)
[24230000] 7SEG = "B    HEL"  (d7..d0)
[26250000] 7SEG = "E    HEL"  (d7..d0)
[28270000] 7SEG = "H    HEL"  (d7..d0)
[30290000] 7SEG = "L    HEL"  (d7..d0)
[32310000] 7SEG = "L   HELL"  (d7..d0)
[34330000] 7SEG = "C   HELL"  (d7..d0)
[36350000] 7SEG = "F   HELL"  (d7..d0)
[38370000] 7SEG = "J   HELL"  (d7..d0)
[40390000] 7SEG = "M   HELL"  (d7..d0)
[42410000] 7SEG = "O   HELL"  (d7..d0)
[44430000] 7SEG = "O  HELLO"  (d7..d0)
[46450000] 7SEG = "O  HELLO"  (d7..d0)
[48470000] 7SEG = "O  HELLO"  (d7..d0)
[50490000] 7SEG = "O  HELLO"  (d7..d0)
[52510000] 7SEG = "O  HELLO"  (d7..d0)
===================================================
[53900000] EXPECTED 7SEG (TX mode) : "HELLO   " (exact alignment depends on buffer shift)
Check the periodic "7SEG = ..." log above; it should contain HELLO.
===================================================
[54530000] 7SEG = "O  HELLO"  (d7..d0)
[56550000] 7SEG = "O  HELLO"  (d7..d0)
[58570000] 7SEG = "O  HELLO"  (d7..d0)
[60590000] 7SEG = "O  HELLO"  (d7..d0)
[62610000] 7SEG = "O  HELLO"  (d7..d0)
[64630000] 7SEG = "O  HELLO"  (d7..d0)
[66650000] 7SEG = "O  HELLO"  (d7..d0)
[68670000] 7SEG = "O  HELLO"  (d7..d0)
[70690000] 7SEG = "O  HELLO"  (d7..d0)
[72710000] 7SEG = "O  HELLO"  (d7..d0)
[74730000] 7SEG = "O  HELLO"  (d7..d0)
[76750000] 7SEG = "O  HELLO"  (d7..d0)
[78770000] 7SEG = "O  HELLO"  (d7..d0)
[80790000] 7SEG = "O  HELLO"  (d7..d0)
[82810000] 7SEG = "O  HELLO"  (d7..d0)
[84830000] 7SEG = "O  HELLO"  (d7..d0)
[86850000] 7SEG = "O  HELLO"  (d7..d0)
[88870000] 7SEG = "O  HELLO"  (d7..d0)
[90890000] 7SEG = "O  HELLO"  (d7..d0)
[92910000] 7SEG = "O  HELLO"  (d7..d0)
[94930000] 7SEG = "O  HELLO"  (d7..d0)
[96950000] 7SEG = "O  HELLO"  (d7..d0)
[98970000] 7SEG = "O  HELLO"  (d7..d0)
[100990000] 7SEG = "O  HELLO"  (d7..d0)
[103010000] 7SEG = "O  HELLO"  (d7..d0)
[105030000] 7SEG = "O  HELLO"  (d7..d0)
[107050000] 7SEG = "O  HELLO"  (d7..d0)
[109070000] 7SEG = "O  HELLO"  (d7..d0)
[111090000] 7SEG = "O  HELLO"  (d7..d0)
[113110000] 7SEG = "O  HELLO"  (d7..d0)
[115130000] 7SEG = "O  HELLO"  (d7..d0)
[117150000] 7SEG = "O  HELLO"  (d7..d0)
[119170000] 7SEG = "O  HELLO"  (d7..d0)
[121190000] 7SEG = "O  HELLO"  (d7..d0)
[123210000] 7SEG = "O  HELLO"  (d7..d0)
[125230000] 7SEG = "O  HELLO"  (d7..d0)
[127250000] 7SEG = "O  HELLO"  (d7..d0)
[129270000] 7SEG = "O  HELLO"  (d7..d0)
[131290000] 7SEG = "O  HELLO"  (d7..d0)
[133310000] 7SEG = "O  HELLO"  (d7..d0)
[135330000] 7SEG = "O  HELLO"  (d7..d0)
[137350000] 7SEG = "O  HELLO"  (d7..d0)
[139370000] 7SEG = "O  HELLO"  (d7..d0)
[141390000] 7SEG = "O  HELLO"  (d7..d0)
[143410000] 7SEG = "O  HELLO"  (d7..d0)
[145430000] 7SEG = "O  HELLO"  (d7..d0)
[147450000] 7SEG = "O  HELLO"  (d7..d0)
[149470000] 7SEG = "O  HELLO"  (d7..d0)
[151490000] 7SEG = "O  HELLO"  (d7..d0)
[153510000] 7SEG = "O  HELLO"  (d7..d0)
[155530000] 7SEG = "O  HELLO"  (d7..d0)
[157550000] 7SEG = "O  HELLO"  (d7..d0)
[159570000] 7SEG = "O  HELLO"  (d7..d0)
[161590000] 7SEG = "O  HELLO"  (d7..d0)
[163610000] 7SEG = "O  HELLO"  (d7..d0)
[165630000] 7SEG = "O  HELLO"  (d7..d0)
[167650000] 7SEG = "O  HELLO"  (d7..d0)
[169670000] 7SEG = "O  HELLO"  (d7..d0)
[171690000] 7SEG = "O  HELLO"  (d7..d0)
[173710000] 7SEG = "O  HELLO"  (d7..d0)
[175730000] 7SEG = "O  HELLO"  (d7..d0)
[177750000] 7SEG = "O  HELLO"  (d7..d0)
[179770000] 7SEG = "O  HELLO"  (d7..d0)
[181790000] 7SEG = "O  HELLO"  (d7..d0)
[183810000] 7SEG = "O  HELLO"  (d7..d0)
[185830000] 7SEG = "O  HELLO"  (d7..d0)
[187850000] 7SEG = "O  HELLO"  (d7..d0)
[189870000] 7SEG = "O  HELLO"  (d7..d0)
[191890000] 7SEG = "O  HELLO"  (d7..d0)
[193910000] 7SEG = "O  HELLO"  (d7..d0)
[195930000] 7SEG = "O  HELLO"  (d7..d0)
[197950000] 7SEG = "O  HELLO"  (d7..d0)
[199970000] 7SEG = "O  HELLO"  (d7..d0)
[201990000] 7SEG = "O  HELLO"  (d7..d0)
[204010000] 7SEG = "O  HELLO"  (d7..d0)
[206030000] 7SEG = "O  HELLO"  (d7..d0)
[208050000] 7SEG = "O  HELLO"  (d7..d0)
[210070000] 7SEG = "O  HELLO"  (d7..d0)
[212090000] 7SEG = "O  HELLO"  (d7..d0)
[214110000] 7SEG = "O  HELLO"  (d7..d0)
[216130000] 7SEG = "O  HELLO"  (d7..d0)
[218150000] 7SEG = "O  HELLO"  (d7..d0)
[220170000] 7SEG = "O  HELLO"  (d7..d0)
[222190000] 7SEG = "O  HELLO"  (d7..d0)
[224210000] 7SEG = "O  HELLO"  (d7..d0)
[226230000] 7SEG = "O  HELLO"  (d7..d0)
[228250000] 7SEG = "O  HELLO"  (d7..d0)
[230270000] 7SEG = "O  HELLO"  (d7..d0)
[232290000] 7SEG = "O  HELLO"  (d7..d0)
[234310000] 7SEG = "O  HELLO"  (d7..d0)
[236330000] 7SEG = "O  HELLO"  (d7..d0)
[238350000] 7SEG = "O  HELLO"  (d7..d0)
[240370000] 7SEG = "O  HELLO"  (d7..d0)
[242390000] 7SEG = "O  HELLO"  (d7..d0)
[244410000] 7SEG = "O  HELLO"  (d7..d0)
[246430000] 7SEG = "O  HELLO"  (d7..d0)
[248450000] 7SEG = "O  HELLO"  (d7..d0)
[250470000] 7SEG = "O  HELLO"  (d7..d0)
[252490000] 7SEG = "O  HELLO"  (d7..d0)
[254510000] 7SEG = "        "  (d7..d0)
[256530000] 7SEG = "        "  (d7..d0)
[258550000] 7SEG = "        "  (d7..d0)
[260570000] 7SEG = "       H"  (d7..d0)
[262590000] 7SEG = "      HE"  (d7..d0)
[264610000] 7SEG = "      HE"  (d7..d0)
[266630000] 7SEG = "     HEL"  (d7..d0)
[268650000] 7SEG = "     HEL"  (d7..d0)
[270670000] 7SEG = "    HELL"  (d7..d0)
[272690000] 7SEG = "    HELL"  (d7..d0)
[274710000] 7SEG = "   HELLO"  (d7..d0)
[276730000] 7SEG = "   HELLO"  (d7..d0)
[278750000] 7SEG = "   HELLO"  (d7..d0)
[280770000] 7SEG = "   HELLO"  (d7..d0)
[282790000] 7SEG = "   HELLO"  (d7..d0)
===================================================
[284800000] EXPECTED 7SEG (RX mode) : "HELLO   " (depending on buffer alignment)
Check the periodic "7SEG = ..." log above; it should contain HELLO from RX as well.
===================================================
[284810000] 7SEG = "   HELLO"  (d7..d0)
[286830000] 7SEG = "   HELLO"  (d7..d0)
[288850000] 7SEG = "   HELLO"  (d7..d0)
[290870000] 7SEG = "   HELLO"  (d7..d0)
[292890000] 7SEG = "   HELLO"  (d7..d0)
[294910000] 7SEG = "   HELLO"  (d7..d0)
[296930000] 7SEG = "   HELLO"  (d7..d0)
[298950000] 7SEG = "   HELLO"  (d7..d0)
[300970000] 7SEG = "   HELLO"  (d7..d0)
[302990000] 7SEG = "   HELLO"  (d7..d0)
[305010000] 7SEG = "   HELLO"  (d7..d0)
[307030000] 7SEG = "   HELLO"  (d7..d0)
[309050000] 7SEG = "   HELLO"  (d7..d0)
[311070000] 7SEG = "   HELLO"  (d7..d0)
[313090000] 7SEG = "   HELLO"  (d7..d0)
[315110000] 7SEG = "   HELLO"  (d7..d0)
[317130000] 7SEG = "   HELLO"  (d7..d0)
[319150000] 7SEG = "   HELLO"  (d7..d0)
[321170000] 7SEG = "   HELLO"  (d7..d0)
[323190000] 7SEG = "   HELLO"  (d7..d0)
[325210000] 7SEG = "   HELLO"  (d7..d0)
[327230000] 7SEG = "   HELLO"  (d7..d0)
[329250000] 7SEG = "   HELLO"  (d7..d0)
[331270000] 7SEG = "   HELLO"  (d7..d0)
[333290000] 7SEG = "   HELLO"  (d7..d0)
[335310000] 7SEG = "   HELLO"  (d7..d0)
[337330000] 7SEG = "   HELLO"  (d7..d0)
[339350000] 7SEG = "   HELLO"  (d7..d0)
[341370000] 7SEG = "   HELLO"  (d7..d0)
[343390000] 7SEG = "   HELLO"  (d7..d0)
[345410000] 7SEG = "   HELLO"  (d7..d0)
[347430000] 7SEG = "   HELLO"  (d7..d0)
[349450000] 7SEG = "   HELLO"  (d7..d0)
[351470000] 7SEG = "   HELLO"  (d7..d0)
[353490000] 7SEG = "   HELLO"  (d7..d0)
[355510000] 7SEG = "   HELLO"  (d7..d0)
[357530000] 7SEG = "   HELLO"  (d7..d0)
[359550000] 7SEG = "   HELLO"  (d7..d0)
[361570000] 7SEG = "   HELLO"  (d7..d0)
[363590000] 7SEG = "   HELLO"  (d7..d0)
[365610000] 7SEG = "   HELLO"  (d7..d0)
[367630000] 7SEG = "   HELLO"  (d7..d0)
[369650000] 7SEG = "   HELLO"  (d7..d0)
[371670000] 7SEG = "   HELLO"  (d7..d0)
[373690000] 7SEG = "   HELLO"  (d7..d0)
[375710000] 7SEG = "   HELLO"  (d7..d0)
[377730000] 7SEG = "   HELLO"  (d7..d0)
[379750000] 7SEG = "   HELLO"  (d7..d0)
[381770000] 7SEG = "   HELLO"  (d7..d0)
[383790000] 7SEG = "   HELLO"  (d7..d0)
[385810000] 7SEG = "   HELLO"  (d7..d0)
[387830000] 7SEG = "   HELLO"  (d7..d0)
[389850000] 7SEG = "   HELLO"  (d7..d0)
[391870000] 7SEG = "   HELLO"  (d7..d0)
[393890000] 7SEG = "   HELLO"  (d7..d0)
[395910000] 7SEG = "   HELLO"  (d7..d0)
[397930000] 7SEG = "   HELLO"  (d7..d0)
[399950000] 7SEG = "   HELLO"  (d7..d0)
[401970000] 7SEG = "   HELLO"  (d7..d0)
[403990000] 7SEG = "   HELLO"  (d7..d0)
[406010000] 7SEG = "   HELLO"  (d7..d0)
[408030000] 7SEG = "   HELLO"  (d7..d0)
[410050000] 7SEG = "   HELLO"  (d7..d0)
[412070000] 7SEG = "   HELLO"  (d7..d0)
[414090000] 7SEG = "   HELLO"  (d7..d0)
[416110000] 7SEG = "   HELLO"  (d7..d0)
[418130000] 7SEG = "   HELLO"  (d7..d0)
[420150000] 7SEG = "   HELLO"  (d7..d0)
[422170000] 7SEG = "   HELLO"  (d7..d0)
[424190000] 7SEG = "   HELLO"  (d7..d0)
[426210000] 7SEG = "   HELLO"  (d7..d0)
[428230000] 7SEG = "   HELLO"  (d7..d0)
[430250000] 7SEG = "   HELLO"  (d7..d0)
[432270000] 7SEG = "   HELLO"  (d7..d0)
[434290000] 7SEG = "   HELLO"  (d7..d0)
[436310000] 7SEG = "   HELLO"  (d7..d0)
[438330000] 7SEG = "   HELLO"  (d7..d0)
[440350000] 7SEG = "   HELLO"  (d7..d0)
[442370000] 7SEG = "   HELLO"  (d7..d0)
[444390000] 7SEG = "   HELLO"  (d7..d0)
[446410000] 7SEG = "   HELLO"  (d7..d0)
[448430000] 7SEG = "   HELLO"  (d7..d0)
[450450000] 7SEG = "   HELLO"  (d7..d0)
[452470000] 7SEG = "   HELLO"  (d7..d0)
[454490000] 7SEG = "   HELLO"  (d7..d0)
[456510000] 7SEG = "   HELLO"  (d7..d0)
[458530000] 7SEG = "   HELLO"  (d7..d0)
[460550000] 7SEG = "   HELLO"  (d7..d0)
[462570000] 7SEG = "   HELLO"  (d7..d0)
[464590000] 7SEG = "   HELLO"  (d7..d0)
[466610000] 7SEG = "   HELLO"  (d7..d0)
[468630000] 7SEG = "   HELLO"  (d7..d0)
[470650000] 7SEG = "   HELLO"  (d7..d0)
[472670000] 7SEG = "   HELLO"  (d7..d0)
[474690000] 7SEG = "   HELLO"  (d7..d0)
[476710000] 7SEG = "   HELLO"  (d7..d0)
[478730000] 7SEG = "   HELLO"  (d7..d0)
[480750000] 7SEG = "   HELLO"  (d7..d0)
[482770000] 7SEG = "   HELLO"  (d7..d0)
[484790000] 7SEG = "   HELLO"  (d7..d0)
[486810000] 7SEG = "   HELLO"  (d7..d0)
[488830000] 7SEG = "   HELLO"  (d7..d0)
[490850000] 7SEG = "   HELLO"  (d7..d0)
[492870000] 7SEG = "   HELLO"  (d7..d0)
[494890000] 7SEG = "   HELLO"  (d7..d0)
[496910000] 7SEG = "   HELLO"  (d7..d0)
[498930000] 7SEG = "   HELLO"  (d7..d0)
[500950000] 7SEG = "   HELLO"  (d7..d0)
[502970000] 7SEG = "   HELLO"  (d7..d0)
[504990000] 7SEG = "   HELLO"  (d7..d0)
[507010000] 7SEG = "   HELLO"  (d7..d0)
[509030000] 7SEG = "   HELLO"  (d7..d0)
[511050000] 7SEG = "   HELLO"  (d7..d0)
[513070000] 7SEG = "   HELLO"  (d7..d0)
[515090000] 7SEG = "   HELLO"  (d7..d0)
[517110000] 7SEG = "   HELLO"  (d7..d0)
[519130000] 7SEG = "   HELLO"  (d7..d0)
[521150000] 7SEG = "   HELLO"  (d7..d0)
[523170000] 7SEG = "   HELLO"  (d7..d0)
[525190000] 7SEG = "   HELLO"  (d7..d0)
[527210000] 7SEG = "   HELLO"  (d7..d0)
[529230000] 7SEG = "   HELLO"  (d7..d0)
[531250000] 7SEG = "   HELLO"  (d7..d0)
[533270000] 7SEG = "   HELLO"  (d7..d0)
[535290000] 7SEG = "   HELLO"  (d7..d0)
[537310000] 7SEG = "   HELLO"  (d7..d0)
[539330000] 7SEG = "   HELLO"  (d7..d0)
[541350000] 7SEG = "   HELLO"  (d7..d0)
[543370000] 7SEG = "   HELLO"  (d7..d0)
[545390000] 7SEG = "   HELLO"  (d7..d0)
[547410000] 7SEG = "   HELLO"  (d7..d0)
[549430000] 7SEG = "   HELLO"  (d7..d0)
[551450000] 7SEG = "   HELLO"  (d7..d0)
[553470000] 7SEG = "   HELLO"  (d7..d0)
[555490000] 7SEG = "   HELLO"  (d7..d0)
[557510000] 7SEG = "   HELLO"  (d7..d0)
[559530000] 7SEG = "   HELLO"  (d7..d0)
[561550000] 7SEG = "   HELLO"  (d7..d0)
[563570000] 7SEG = "   HELLO"  (d7..d0)
[565590000] 7SEG = "   HELLO"  (d7..d0)
[567610000] 7SEG = "   HELLO"  (d7..d0)
[569630000] 7SEG = "   HELLO"  (d7..d0)
[571650000] 7SEG = "   HELLO"  (d7..d0)
[573670000] 7SEG = "   HELLO"  (d7..d0)
[575690000] 7SEG = "   HELLO"  (d7..d0)
[577710000] 7SEG = "   HELLO"  (d7..d0)
[579730000] 7SEG = "   HELLO"  (d7..d0)
[581750000] 7SEG = "   HELLO"  (d7..d0)
[583770000] 7SEG = "   HELLO"  (d7..d0)
[585790000] 7SEG = "   HELLO"  (d7..d0)
[587810000] 7SEG = "   HELLO"  (d7..d0)
[589830000] 7SEG = "   HELLO"  (d7..d0)
[591850000] 7SEG = "   HELLO"  (d7..d0)
[593870000] 7SEG = "   HELLO"  (d7..d0)
[595890000] 7SEG = "   HELLO"  (d7..d0)
[597910000] 7SEG = "   HELLO"  (d7..d0)
[599930000] 7SEG = "   HELLO"  (d7..d0)
[601950000] 7SEG = "   HELLO"  (d7..d0)
[603970000] 7SEG = "   HELLO"  (d7..d0)
[605990000] 7SEG = "   HELLO"  (d7..d0)
[608010000] 7SEG = "   HELLO"  (d7..d0)
[610030000] 7SEG = "   HELLO"  (d7..d0)
[612050000] 7SEG = "   HELLO"  (d7..d0)
[614070000] 7SEG = "   HELLO"  (d7..d0)
[616090000] 7SEG = "   HELLO"  (d7..d0)
[618110000] 7SEG = "   HELLO"  (d7..d0)
[620130000] 7SEG = "   HELLO"  (d7..d0)
[622150000] 7SEG = "   HELLO"  (d7..d0)
[624170000] 7SEG = "   HELLO"  (d7..d0)
[626190000] 7SEG = "   HELLO"  (d7..d0)
[628210000] 7SEG = "   HELLO"  (d7..d0)
[630230000] 7SEG = "   HELLO"  (d7..d0)
[632250000] 7SEG = "   HELLO"  (d7..d0)
[634270000] 7SEG = "   HELLO"  (d7..d0)
[636290000] 7SEG = "   HELLO"  (d7..d0)
[638310000] 7SEG = "   HELLO"  (d7..d0)
[640330000] 7SEG = "   HELLO"  (d7..d0)
[642350000] 7SEG = "   HELLO"  (d7..d0)
[644370000] 7SEG = "   HELLO"  (d7..d0)
[646390000] 7SEG = "   HELLO"  (d7..d0)
[648410000] 7SEG = "   HELLO"  (d7..d0)
[650430000] 7SEG = "   HELLO"  (d7..d0)
[652450000] 7SEG = "   HELLO"  (d7..d0)
[654470000] 7SEG = "   HELLO"  (d7..d0)
[656490000] 7SEG = "   HELLO"  (d7..d0)
[658510000] 7SEG = "   HELLO"  (d7..d0)
[660530000] 7SEG = "   HELLO"  (d7..d0)
[662550000] 7SEG = "   HELLO"  (d7..d0)
[664570000] 7SEG = "   HELLO"  (d7..d0)
[666590000] 7SEG = "   HELLO"  (d7..d0)
[668610000] 7SEG = "   HELLO"  (d7..d0)
[670630000] 7SEG = "   HELLO"  (d7..d0)
[672650000] 7SEG = "   HELLO"  (d7..d0)
[674670000] 7SEG = "   HELLO"  (d7..d0)
[676690000] 7SEG = "   HELLO"  (d7..d0)
[678710000] 7SEG = "   HELLO"  (d7..d0)
[680730000] 7SEG = "   HELLO"  (d7..d0)
[682750000] 7SEG = "   HELLO"  (d7..d0)
[684770000] 7SEG = "   HELLO"  (d7..d0)
[686790000] 7SEG = "   HELLO"  (d7..d0)
[688810000] 7SEG = "   HELLO"  (d7..d0)
[690830000] 7SEG = "   HELLO"  (d7..d0)
[692850000] 7SEG = "   HELLO"  (d7..d0)
[694870000] 7SEG = "   HELLO"  (d7..d0)
[696890000] 7SEG = "   HELLO"  (d7..d0)
[698910000] 7SEG = "   HELLO"  (d7..d0)
[700930000] 7SEG = "   HELLO"  (d7..d0)
[702950000] 7SEG = "   HELLO"  (d7..d0)
[704970000] 7SEG = "   HELLO"  (d7..d0)
[706990000] 7SEG = "   HELLO"  (d7..d0)
[709010000] 7SEG = "   HELLO"  (d7..d0)
[711030000] 7SEG = "   HELLO"  (d7..d0)
[713050000] 7SEG = "   HELLO"  (d7..d0)
[715070000] 7SEG = "   HELLO"  (d7..d0)
[717090000] 7SEG = "   HELLO"  (d7..d0)
[719110000] 7SEG = "   HELLO"  (d7..d0)
[721130000] 7SEG = "   HELLO"  (d7..d0)
[723150000] 7SEG = "   HELLO"  (d7..d0)
[725170000] 7SEG = "   HELLO"  (d7..d0)
[727190000] 7SEG = "   HELLO"  (d7..d0)
[729210000] 7SEG = "   HELLO"  (d7..d0)
[731230000] 7SEG = "   HELLO"  (d7..d0)
[733250000] 7SEG = "   HELLO"  (d7..d0)
[735270000] 7SEG = "   HELLO"  (d7..d0)
[737290000] 7SEG = "   HELLO"  (d7..d0)
[739310000] 7SEG = "   HELLO"  (d7..d0)
[741330000] 7SEG = "   HELLO"  (d7..d0)
[743350000] 7SEG = "   HELLO"  (d7..d0)
[745370000] 7SEG = "   HELLO"  (d7..d0)
[747390000] 7SEG = "   HELLO"  (d7..d0)
[749410000] 7SEG = "   HELLO"  (d7..d0)
[751430000] 7SEG = "   HELLO"  (d7..d0)
[753450000] 7SEG = "   HELLO"  (d7..d0)
[755470000] 7SEG = "   HELLO"  (d7..d0)
[757490000] 7SEG = "   HELLO"  (d7..d0)
[759510000] 7SEG = "   HELLO"  (d7..d0)
[761530000] 7SEG = "   HELLO"  (d7..d0)
[763550000] 7SEG = "   HELLO"  (d7..d0)
[765570000] 7SEG = "   HELLO"  (d7..d0)
[767590000] 7SEG = "   HELLO"  (d7..d0)
[769610000] 7SEG = "   HELLO"  (d7..d0)
[771630000] 7SEG = "   HELLO"  (d7..d0)
[773650000] 7SEG = "   HELLO"  (d7..d0)
[775670000] 7SEG = "   HELLO"  (d7..d0)
[777690000] 7SEG = "   HELLO"  (d7..d0)
[779710000] 7SEG = "   HELLO"  (d7..d0)
[781730000] 7SEG = "   HELLO"  (d7..d0)
[783750000] 7SEG = "   HELLO"  (d7..d0)
$stop called at time : 784800 ns : File "C:/Users/pjjpj/source/repos/Morse_Term_Project/testbench-tb_morse.v" Line 280
